<?xml version="1.0" encoding="UTF-8"?>
<!-- Generated by org.testng.reporters.JUnitXMLReporter -->
<testsuite ignored="0" hostname="DESKTOP-HN0MJHL" failures="0" tests="6" name="Default test" time="0.041" errors="0" timestamp="2021-08-08T14:06:23 IST">
  <testcase classname="Learning.MavenJava.AppiumTest" name="IOSApps" time="0.005"/>
  <testcase classname="Learning.MavenJava.AppiumTest" name="NativeAppAndroid" time="0.001"/>
  <testcase classname="Learning.MavenJava.RESTAPTTest" name="deleteTwitter" time="0.001"/>
  <testcase classname="Learning.MavenJava.RESTAPTTest" name="postJira" time="0.001"/>
  <testcase classname="Learning.MavenJava.SeleniumTest" name="apiSelenium" time="0.001"/>
  <testcase classname="Learning.MavenJava.SeleniumTest" name="postJira" time="0.001"/>
</testsuite> <!-- Default test -->
