<?xml version="1.0" encoding="UTF-8"?>
<!-- Generated by org.testng.reporters.JUnitXMLReporter -->
<testsuite ignored="0" hostname="DESKTOP-HN0MJHL" failures="0" tests="6" name="Regression" time="0.034" errors="0" timestamp="2021-08-08T14:34:16 IST">
  <testcase classname="Learning.MavenJava.AppiumTest" name="IOSApps" time="0.004"/>
  <testcase classname="Learning.MavenJava.AppiumTest" name="NativeAppAndroid" time="0.0"/>
  <testcase classname="Learning.MavenJava.RESTAPTTest" name="deleteTwitter" time="0.0"/>
  <testcase classname="Learning.MavenJava.RESTAPTTest" name="postJira" time="0.001"/>
  <testcase classname="Learning.MavenJava.SeleniumTest" name="apiSelenium" time="0.0"/>
  <testcase classname="Learning.MavenJava.SeleniumTest" name="postJira" time="0.0"/>
</testsuite> <!-- Regression -->
