<?xml version="1.0" encoding="UTF-8"?>
<testsuite xmlns:xsi="http://www.w3.org/2001/XMLSchema-instance" xsi:noNamespaceSchemaLocation="https://maven.apache.org/surefire/maven-surefire-plugin/xsd/surefire-test-report-3.0.xsd" version="3.0" name="TestSuite" time="0.436" tests="4" errors="0" skipped="0" failures="0">
  <properties>
[...]
</properties>
  <testcase name="IOSApps" classname="Learning.MavenJava.AppiumTest" time="0.004">
    <system-out><![CDATA[IOSApps
]]></system-out>
  </testcase>
  <testcase name="NativeAppAndroid" classname="Learning.MavenJava.AppiumTest" time="0">
    <system-out><![CDATA[NativeAppAndroid
]]></system-out>
  </testcase>
  <testcase name="deleteTwitter" classname="Learning.MavenJava.RESTAPTTest" time="0">
    <system-out><![CDATA[deleteTwitter
]]></system-out>
  </testcase>
  <testcase name="postJira" classname="Learning.MavenJava.RESTAPTTest" time="0.001">
    <system-out><![CDATA[postJira
]]></system-out>
  </testcase>
</testsuite>