<?xml version="1.0" encoding="UTF-8"?>
<testng-results ignored="0" total="6" passed="6" failed="0" skipped="0">
  <reporter-output>
  </reporter-output>
  <suite started-at="2021-08-08T14:06:23 IST" name="Default suite" finished-at="2021-08-08T14:06:23 IST" duration-ms="41">
    <groups>
    </groups>
    <test started-at="2021-08-08T14:06:23 IST" name="Default test" finished-at="2021-08-08T14:06:23 IST" duration-ms="41">
      <class name="Learning.MavenJava.AppiumTest">
        <test-method signature="IOSApps()[pri:0, instance:Learning.MavenJava.AppiumTest@7bd4937b]" started-at="2021-08-08T14:06:23 IST" name="IOSApps" finished-at="2021-08-08T14:06:23 IST" duration-ms="5" status="PASS">
          <reporter-output>
          </reporter-output>
        </test-method> <!-- IOSApps -->
        <test-method signature="NativeAppAndroid()[pri:0, instance:Learning.MavenJava.AppiumTest@7bd4937b]" started-at="2021-08-08T14:06:23 IST" name="NativeAppAndroid" finished-at="2021-08-08T14:06:23 IST" duration-ms="1" status="PASS">
          <reporter-output>
          </reporter-output>
        </test-method> <!-- NativeAppAndroid -->
      </class> <!-- Learning.MavenJava.AppiumTest -->
      <class name="Learning.MavenJava.RESTAPTTest">
        <test-method signature="deleteTwitter()[pri:0, instance:Learning.MavenJava.RESTAPTTest@2ea41516]" started-at="2021-08-08T14:06:23 IST" name="deleteTwitter" finished-at="2021-08-08T14:06:23 IST" duration-ms="1" status="PASS">
          <reporter-output>
          </reporter-output>
        </test-method> <!-- deleteTwitter -->
        <test-method signature="postJira()[pri:0, instance:Learning.MavenJava.RESTAPTTest@2ea41516]" started-at="2021-08-08T14:06:23 IST" name="postJira" finished-at="2021-08-08T14:06:23 IST" duration-ms="1" status="PASS">
          <reporter-output>
          </reporter-output>
        </test-method> <!-- postJira -->
      </class> <!-- Learning.MavenJava.RESTAPTTest -->
      <class name="Learning.MavenJava.SeleniumTest">
        <test-method signature="apiSelenium()[pri:0, instance:Learning.MavenJava.SeleniumTest@3a44431a]" started-at="2021-08-08T14:06:23 IST" name="apiSelenium" finished-at="2021-08-08T14:06:23 IST" duration-ms="1" status="PASS">
          <reporter-output>
          </reporter-output>
        </test-method> <!-- apiSelenium -->
        <test-method signature="postJira()[pri:0, instance:Learning.MavenJava.SeleniumTest@3a44431a]" started-at="2021-08-08T14:06:23 IST" name="postJira" finished-at="2021-08-08T14:06:23 IST" duration-ms="1" status="PASS">
          <reporter-output>
          </reporter-output>
        </test-method> <!-- postJira -->
      </class> <!-- Learning.MavenJava.SeleniumTest -->
    </test> <!-- Default test -->
  </suite> <!-- Default suite -->
</testng-results>
